<?xml version="1.0" encoding="UTF-8" standalone="no"?>
<testsuite failures="0" name="cucumber.runtime.formatter.JUnitFormatter" skipped="0" tests="1" time="27.886198">
    <testcase classname="Check Login functionality" name="Verify Login Functionality" time="27.886198">
        <system-out>
            <![CDATA[Given user launch browser...................................................passed
Then user is on login page..................................................passed
Then user logs into application.............................................passed
Then validate logged in username is displayed...............................passed
Then user closes browser....................................................passed
]]>
        </system-out>
    </testcase>
</testsuite>
