<?xml version="1.0" encoding="UTF-8"?>
<testng-results skipped="0" failed="0" ignored="0" total="1" passed="1">
  <reporter-output>
    <line>
      <![CDATA[<div "featureFile">Feature File: D:&#x2F;Practise&#x2F;TestNGCucumber&#x2F;src&#x2F;main&#x2F;java&#x2F;Features&#x2F;Login.feature</div>]]>
    </line>
    <line>
      <![CDATA[<div "result">user launch browser (PASSED : 10s)</div>]]>
    </line>
    <line>
      <![CDATA[<div "result">user is on login page (PASSED : 0s)</div>]]>
    </line>
    <line>
      <![CDATA[<div "result">user logs into application (PASSED : 17s)</div>]]>
    </line>
    <line>
      <![CDATA[<div "result">validate logged in username is displayed (PASSED : 0s)</div>]]>
    </line>
    <line>
      <![CDATA[<div "result">user closes browser (PASSED : 0s)</div>]]>
    </line>
  </reporter-output>
  <suite name="BDD Test Suite" duration-ms="28950" started-at="2020-04-10T20:40:03 IST" finished-at="2020-04-10T20:40:32 IST">
    <groups>
      <group name="cucumber">
        <method signature="Runner.feature(cucumber.api.testng.CucumberFeatureWrapper)[pri:0, instance:TestRunner.Runner@307f6b8c]" name="feature" class="TestRunner.Runner"/>
      </group> <!-- cucumber -->
    </groups>
    <test name="FREE CRM Test" duration-ms="28950" started-at="2020-04-10T20:40:03 IST" finished-at="2020-04-10T20:40:32 IST">
      <class name="TestRunner.Runner">
        <test-method status="PASS" signature="setUpClass()[pri:0, instance:TestRunner.Runner@307f6b8c]" name="setUpClass" is-config="true" duration-ms="379" started-at="2020-04-10T20:40:03 IST" finished-at="2020-04-10T20:40:04 IST">
          <reporter-output>
          </reporter-output>
        </test-method> <!-- setUpClass -->
        <test-method status="PASS" signature="feature(cucumber.api.testng.CucumberFeatureWrapper)[pri:0, instance:TestRunner.Runner@307f6b8c]" name="feature" duration-ms="28392" started-at="2020-04-10T20:40:04 IST" description="Runs Cucumber Feature" data-provider="features" finished-at="2020-04-10T20:40:32 IST">
          <params>
            <param index="0">
              <value>
                <![CDATA["Check Login functionality"]]>
              </value>
            </param>
          </params>
          <reporter-output>
            <line>
              <![CDATA[<div "featureFile">Feature File: D:&#x2F;Practise&#x2F;TestNGCucumber&#x2F;src&#x2F;main&#x2F;java&#x2F;Features&#x2F;Login.feature</div>]]>
            </line>
            <line>
              <![CDATA[<div "result">user launch browser (PASSED : 10s)</div>]]>
            </line>
            <line>
              <![CDATA[<div "result">user is on login page (PASSED : 0s)</div>]]>
            </line>
            <line>
              <![CDATA[<div "result">user logs into application (PASSED : 17s)</div>]]>
            </line>
            <line>
              <![CDATA[<div "result">validate logged in username is displayed (PASSED : 0s)</div>]]>
            </line>
            <line>
              <![CDATA[<div "result">user closes browser (PASSED : 0s)</div>]]>
            </line>
          </reporter-output>
        </test-method> <!-- feature -->
        <test-method status="PASS" signature="tearDownClass()[pri:0, instance:TestRunner.Runner@307f6b8c]" name="tearDownClass" is-config="true" duration-ms="76" started-at="2020-04-10T20:40:32 IST" finished-at="2020-04-10T20:40:32 IST">
          <reporter-output>
          </reporter-output>
        </test-method> <!-- tearDownClass -->
      </class> <!-- TestRunner.Runner -->
    </test> <!-- FREE CRM Test -->
  </suite> <!-- BDD Test Suite -->
</testng-results>
